Acre: Azul.
Alagoas: Azul.
Amapá: Azul.
Amazonas: Amarelo.
Bahia: Amarelo.
Ceará: Azul.
Distrito Federal: Azul.
Goiás: Verde.
Espírito Santo: Azul.
Maranhão: Azul.
Mato Grosso: Azul.
Mato Grosso do Sul: Amarelo.
Minas Gerais: Vermelho.
Pará: Verde.
Paraíba: Amarelo.
Paraná: Azul.
Pernambuco: Vermelho.
Piauí: Verde.
Rio de Janeiro: Amarelo.
Rio Grande do Norte: Verde.
Rio Grande do Sul: Azul.
Rondônia: Verde.
Roraima: Azul.
São Paulo: Verde.
Santa Catarina: Amarelo.
Sergipe: Verde.
Tocantins: Vermelho.
Interacoes: 29
