AK: Azul.
AL: Azul.
AR: Azul.
AZ: Azul.
CA: Amarelo.
CO: Amarelo.
CT: Azul.
DC: Azul.
DE: Azul.
FL: Amarelo.
GA: Verde.
HI: Azul.
IA: Azul.
ID: Azul.
IL: Amarelo.
IN: Azul.
KS: Azul.
KY: Verde.
LA: Verde.
MA: Amarelo.
MD: Amarelo.
ME: Azul.
MI: Amarelo.
MN: Verde.
MO: Vermelho.
MS: Vermelho.
MT: Verde.
NC: Azul.
ND: Azul.
NE: Verde.
NH: Verde.
NJ: Amarelo.
NM: Vermelho.
NV: Vermelho.
NY: Vermelho.
OH: Vermelho.
OK: Verde.
OR: Verde.
PA: Verde.
RI: Verde.
SC: Amarelo.
SD: Amarelo.
TN: Amarelo.
TX: Amarelo.
UT: Verde.
VA: Vermelho.
VT: Azul.
WA: Amarelo.
WI: Vermelho.
WV: Azul.
WY: Vermelho.
